2023-09-25 07:06:50,129	[ERROR]	(main.py:117)<module>	初始化课表失败，请检查cookie是否有效
2023-09-25 07:07:13,978	[ERROR]	(main.py:117)<module>	初始化课表失败，请检查cookie是否有效
2023-09-25 07:07:31,473	[ERROR]	(main.py:117)<module>	初始化课表失败，请检查cookie是否有效
2023-09-25 07:08:45,211	[INFO]	(client.py:159)_bot_login	[botpy] 登录机器人账号中...
2023-09-25 07:08:45,596	[INFO]	(client.py:178)_bot_init	[botpy] 程序启动...
2023-09-25 07:08:45,596	[INFO]	(connection.py:59)multi_run	[botpy] 最大并发连接数: 1, 启动会话数: 1
2023-09-25 07:08:45,597	[INFO]	(client.py:236)bot_connect	[botpy] 会话启动中...
2023-09-25 07:08:45,597	[INFO]	(gateway.py:110)ws_connect	[botpy] 启动中...
2023-09-25 07:08:45,679	[INFO]	(gateway.py:136)ws_identify	[botpy] 鉴权中...
2023-09-25 07:08:45,762	[INFO]	(gateway.py:80)on_message	[botpy] 机器人「点歌机器人-测试中」启动成功！
2023-09-25 07:08:45,763	[INFO]	(gateway.py:217)_send_heart	[botpy] 心跳维持启动...
2023-09-25 07:10:04,863	[INFO]	(main.py:35)on_message_create	今日信息
2023-09-25 07:10:10,232	[WARNING]	(http.py:188)request	请求超时，请求连接: https://api.sgroup.qq.com/channels/632882620/messages
2023-09-25 07:10:23,890	[INFO]	(main.py:72)on_direct_message_create	[私聊信息]管理员Dustwind(ID:18056950939094559679)>>>今日信息
2023-09-25 07:10:34,906	[INFO]	(main.py:35)on_message_create	今日信息
2023-09-25 07:10:52,929	[INFO]	(main.py:35)on_message_create	今日课表
2023-09-25 07:30:00,893	[INFO]	(commands.py:158)loopTask	要上课了
2023-09-25 07:30:00,894	[INFO]	(commands.py:159)loopTask	{'courseName': '课程名称：新生课', 'teacher': '上课教师：谢友均[教授],周朝阳[教授],曹平[教授],黄锐[副教授],申永江[副教授],娄平[教授],饶秋华[教授],王青娥[教授]', 'pos': '上课地点：B座402'}
2023-09-25 07:30:12,228	[INFO]	(commands.py:104)sendMsgToChannel	发送至（632882620）：<@!18056950939094559679>还有30分钟就要上课了！课程名称：新生课
上课教师：谢友均[教授],周朝阳[教授],曹平[教授],黄锐[副教授],申永江[副教授],娄平[教授],饶秋华[教授],王青娥[教授]
上课地点：B座402
时间：8:00-9:40

2023-09-25 07:30:12,229	[INFO]	(commands.py:105)sendMsgToChannel	{"code":304023,"message":"push message is waiting for audit now","data":{"message_audit":{"audit_id":"0ab7a637-1cb6-41f3-b0c9-fba16f42f1b3"}}}
2023-09-25 07:38:45,670	[INFO]	(gateway.py:54)on_closed	[botpy] 关闭, 返回码: 4009, 返回信息: Session timed out
2023-09-25 07:38:50,674	[INFO]	(connection.py:59)multi_run	[botpy] 最大并发连接数: 1, 启动会话数: 1
2023-09-25 07:38:50,676	[INFO]	(client.py:236)bot_connect	[botpy] 会话启动中...
2023-09-25 07:38:50,676	[INFO]	(gateway.py:110)ws_connect	[botpy] 启动中...
2023-09-25 07:39:01,840	[INFO]	(gateway.py:169)ws_resume	[botpy] 重连启动...
2023-09-25 07:39:01,892	[INFO]	(gateway.py:85)on_message	[botpy] 机器人重连成功! 
2023-09-25 07:39:01,893	[INFO]	(gateway.py:217)_send_heart	[botpy] 心跳维持启动...
2023-09-25 08:09:01,828	[INFO]	(gateway.py:54)on_closed	[botpy] 关闭, 返回码: 4009, 返回信息: Session timed out
2023-09-25 08:09:06,836	[INFO]	(connection.py:59)multi_run	[botpy] 最大并发连接数: 1, 启动会话数: 1
2023-09-25 08:09:06,837	[INFO]	(client.py:236)bot_connect	[botpy] 会话启动中...
2023-09-25 08:09:06,837	[INFO]	(gateway.py:110)ws_connect	[botpy] 启动中...
2023-09-25 08:09:18,006	[INFO]	(gateway.py:169)ws_resume	[botpy] 重连启动...
2023-09-25 08:09:18,059	[INFO]	(gateway.py:85)on_message	[botpy] 机器人重连成功! 
2023-09-25 08:09:18,060	[INFO]	(gateway.py:217)_send_heart	[botpy] 心跳维持启动...
2023-09-25 08:39:17,998	[INFO]	(gateway.py:54)on_closed	[botpy] 关闭, 返回码: 4009, 返回信息: Session timed out
2023-09-25 08:39:23,002	[INFO]	(connection.py:59)multi_run	[botpy] 最大并发连接数: 1, 启动会话数: 1
2023-09-25 08:39:23,002	[INFO]	(client.py:236)bot_connect	[botpy] 会话启动中...
2023-09-25 08:39:23,003	[INFO]	(gateway.py:110)ws_connect	[botpy] 启动中...
2023-09-25 08:39:34,177	[INFO]	(gateway.py:169)ws_resume	[botpy] 重连启动...
2023-09-25 08:39:34,243	[INFO]	(gateway.py:85)on_message	[botpy] 机器人重连成功! 
2023-09-25 08:39:34,243	[INFO]	(gateway.py:217)_send_heart	[botpy] 心跳维持启动...
2023-09-25 09:09:34,166	[INFO]	(gateway.py:54)on_closed	[botpy] 关闭, 返回码: 4009, 返回信息: Session timed out
2023-09-25 09:09:39,190	[INFO]	(connection.py:59)multi_run	[botpy] 最大并发连接数: 1, 启动会话数: 1
2023-09-25 09:09:39,190	[INFO]	(client.py:236)bot_connect	[botpy] 会话启动中...
2023-09-25 09:09:39,191	[INFO]	(gateway.py:110)ws_connect	[botpy] 启动中...
2023-09-25 09:09:50,368	[INFO]	(gateway.py:169)ws_resume	[botpy] 重连启动...
2023-09-25 09:09:50,427	[INFO]	(gateway.py:85)on_message	[botpy] 机器人重连成功! 
2023-09-25 09:09:50,427	[INFO]	(gateway.py:217)_send_heart	[botpy] 心跳维持启动...
2023-09-25 09:30:03,011	[INFO]	(commands.py:158)loopTask	要上课了
2023-09-25 09:30:03,012	[INFO]	(commands.py:159)loopTask	{'courseName': '课程名称：大学英语', 'teacher': '上课教师：陈晓勤[副教授]', 'pos': '上课地点：外语网络楼119'}
2023-09-25 09:30:03,384	[INFO]	(commands.py:104)sendMsgToChannel	发送至（632882620）：<@!18056950939094559679>还有30分钟就要上课了！课程名称：大学英语
上课教师：陈晓勤[副教授]
上课地点：外语网络楼119
时间：10:00-11:40

2023-09-25 09:30:03,386	[INFO]	(commands.py:105)sendMsgToChannel	{"code":304023,"message":"push message is waiting for audit now","data":{"message_audit":{"audit_id":"49f9bbc8-2ffd-4e6b-85bc-52942d436a51"}}}
2023-09-25 09:39:50,356	[INFO]	(gateway.py:54)on_closed	[botpy] 关闭, 返回码: 4009, 返回信息: Session timed out
2023-09-25 09:39:55,366	[INFO]	(connection.py:59)multi_run	[botpy] 最大并发连接数: 1, 启动会话数: 1
2023-09-25 09:39:55,367	[INFO]	(client.py:236)bot_connect	[botpy] 会话启动中...
2023-09-25 09:39:55,368	[INFO]	(gateway.py:110)ws_connect	[botpy] 启动中...
2023-09-25 09:40:06,540	[INFO]	(gateway.py:169)ws_resume	[botpy] 重连启动...
2023-09-25 09:40:06,598	[INFO]	(gateway.py:85)on_message	[botpy] 机器人重连成功! 
2023-09-25 09:40:06,599	[INFO]	(gateway.py:217)_send_heart	[botpy] 心跳维持启动...
2023-09-25 10:10:06,530	[INFO]	(gateway.py:54)on_closed	[botpy] 关闭, 返回码: 4009, 返回信息: Session timed out
2023-09-25 10:10:11,541	[INFO]	(connection.py:59)multi_run	[botpy] 最大并发连接数: 1, 启动会话数: 1
2023-09-25 10:10:11,542	[INFO]	(client.py:236)bot_connect	[botpy] 会话启动中...
2023-09-25 10:10:11,542	[INFO]	(gateway.py:110)ws_connect	[botpy] 启动中...
2023-09-25 10:10:22,702	[INFO]	(gateway.py:169)ws_resume	[botpy] 重连启动...
2023-09-25 10:10:22,767	[INFO]	(gateway.py:85)on_message	[botpy] 机器人重连成功! 
2023-09-25 10:10:22,768	[INFO]	(gateway.py:217)_send_heart	[botpy] 心跳维持启动...
2023-09-25 10:40:22,695	[INFO]	(gateway.py:54)on_closed	[botpy] 关闭, 返回码: 4009, 返回信息: Session timed out
2023-09-25 10:40:27,714	[INFO]	(connection.py:59)multi_run	[botpy] 最大并发连接数: 1, 启动会话数: 1
2023-09-25 10:40:27,715	[INFO]	(client.py:236)bot_connect	[botpy] 会话启动中...
2023-09-25 10:40:27,716	[INFO]	(gateway.py:110)ws_connect	[botpy] 启动中...
2023-09-25 10:40:38,877	[INFO]	(gateway.py:169)ws_resume	[botpy] 重连启动...
2023-09-25 10:40:38,944	[INFO]	(gateway.py:85)on_message	[botpy] 机器人重连成功! 
2023-09-25 10:40:38,944	[INFO]	(gateway.py:217)_send_heart	[botpy] 心跳维持启动...
2023-09-25 11:10:38,867	[INFO]	(gateway.py:54)on_closed	[botpy] 关闭, 返回码: 4009, 返回信息: Session timed out
2023-09-25 11:10:43,886	[INFO]	(connection.py:59)multi_run	[botpy] 最大并发连接数: 1, 启动会话数: 1
2023-09-25 11:10:43,887	[INFO]	(client.py:236)bot_connect	[botpy] 会话启动中...
2023-09-25 11:10:43,888	[INFO]	(gateway.py:110)ws_connect	[botpy] 启动中...
2023-09-25 11:10:55,080	[INFO]	(gateway.py:169)ws_resume	[botpy] 重连启动...
2023-09-25 11:10:55,140	[INFO]	(gateway.py:85)on_message	[botpy] 机器人重连成功! 
2023-09-25 11:10:55,141	[INFO]	(gateway.py:217)_send_heart	[botpy] 心跳维持启动...
2023-09-25 11:40:55,338	[INFO]	(gateway.py:54)on_closed	[botpy] 关闭, 返回码: 4009, 返回信息: Session timed out
2023-09-25 11:41:00,345	[INFO]	(connection.py:59)multi_run	[botpy] 最大并发连接数: 1, 启动会话数: 1
2023-09-25 11:41:00,346	[INFO]	(client.py:236)bot_connect	[botpy] 会话启动中...
2023-09-25 11:41:00,347	[INFO]	(gateway.py:110)ws_connect	[botpy] 启动中...
2023-09-25 11:41:11,553	[INFO]	(gateway.py:169)ws_resume	[botpy] 重连启动...
2023-09-25 11:41:11,612	[INFO]	(gateway.py:85)on_message	[botpy] 机器人重连成功! 
2023-09-25 11:41:11,613	[INFO]	(gateway.py:217)_send_heart	[botpy] 心跳维持启动...
2023-09-25 12:11:11,547	[INFO]	(gateway.py:54)on_closed	[botpy] 关闭, 返回码: 4009, 返回信息: Session timed out
2023-09-25 12:11:16,547	[INFO]	(connection.py:59)multi_run	[botpy] 最大并发连接数: 1, 启动会话数: 1
2023-09-25 12:11:16,548	[INFO]	(client.py:236)bot_connect	[botpy] 会话启动中...
2023-09-25 12:11:16,549	[INFO]	(gateway.py:110)ws_connect	[botpy] 启动中...
2023-09-25 12:11:27,715	[INFO]	(gateway.py:169)ws_resume	[botpy] 重连启动...
2023-09-25 12:11:27,777	[INFO]	(gateway.py:85)on_message	[botpy] 机器人重连成功! 
2023-09-25 12:11:27,779	[INFO]	(gateway.py:217)_send_heart	[botpy] 心跳维持启动...
2023-09-25 12:41:27,706	[INFO]	(gateway.py:54)on_closed	[botpy] 关闭, 返回码: 4009, 返回信息: Session timed out
2023-09-25 12:41:32,725	[INFO]	(connection.py:59)multi_run	[botpy] 最大并发连接数: 1, 启动会话数: 1
2023-09-25 12:41:32,726	[INFO]	(client.py:236)bot_connect	[botpy] 会话启动中...
2023-09-25 12:41:32,727	[INFO]	(gateway.py:110)ws_connect	[botpy] 启动中...
2023-09-25 12:41:43,934	[INFO]	(gateway.py:169)ws_resume	[botpy] 重连启动...
2023-09-25 12:41:43,991	[INFO]	(gateway.py:85)on_message	[botpy] 机器人重连成功! 
2023-09-25 12:41:43,992	[INFO]	(gateway.py:217)_send_heart	[botpy] 心跳维持启动...
2023-09-25 13:11:43,993	[INFO]	(gateway.py:54)on_closed	[botpy] 关闭, 返回码: 4009, 返回信息: Session timed out
2023-09-25 13:11:48,994	[INFO]	(connection.py:59)multi_run	[botpy] 最大并发连接数: 1, 启动会话数: 1
2023-09-25 13:11:48,994	[INFO]	(client.py:236)bot_connect	[botpy] 会话启动中...
2023-09-25 13:11:48,994	[INFO]	(gateway.py:110)ws_connect	[botpy] 启动中...
2023-09-25 13:12:00,155	[INFO]	(gateway.py:169)ws_resume	[botpy] 重连启动...
2023-09-25 13:12:00,220	[INFO]	(gateway.py:85)on_message	[botpy] 机器人重连成功! 
2023-09-25 13:12:00,220	[INFO]	(gateway.py:217)_send_heart	[botpy] 心跳维持启动...
2023-09-25 13:30:04,916	[INFO]	(commands.py:158)loopTask	要上课了
2023-09-25 13:30:04,917	[INFO]	(commands.py:159)loopTask	{'courseName': '课程名称：普通化学C', 'teacher': '上课教师：莫红兵[副教授]', 'pos': '上课地点：C座303'}
2023-09-25 13:30:16,255	[INFO]	(commands.py:104)sendMsgToChannel	发送至（632882620）：<@!18056950939094559679>还有30分钟就要上课了！课程名称：普通化学C
上课教师：莫红兵[副教授]
上课地点：C座303
时间：14:00-15:40

2023-09-25 13:30:16,256	[INFO]	(commands.py:105)sendMsgToChannel	{"code":304023,"message":"push message is waiting for audit now","data":{"message_audit":{"audit_id":"ac646b17-a689-4eb4-bbd5-39573ea55638"}}}
2023-09-25 13:42:00,146	[INFO]	(gateway.py:54)on_closed	[botpy] 关闭, 返回码: 4009, 返回信息: Session timed out
2023-09-25 13:42:05,169	[INFO]	(connection.py:59)multi_run	[botpy] 最大并发连接数: 1, 启动会话数: 1
2023-09-25 13:42:05,170	[INFO]	(client.py:236)bot_connect	[botpy] 会话启动中...
2023-09-25 13:42:05,171	[INFO]	(gateway.py:110)ws_connect	[botpy] 启动中...
2023-09-25 13:42:16,330	[INFO]	(gateway.py:169)ws_resume	[botpy] 重连启动...
2023-09-25 13:42:16,390	[INFO]	(gateway.py:85)on_message	[botpy] 机器人重连成功! 
2023-09-25 13:42:16,390	[INFO]	(gateway.py:217)_send_heart	[botpy] 心跳维持启动...
2023-09-25 14:12:16,321	[INFO]	(gateway.py:54)on_closed	[botpy] 关闭, 返回码: 4009, 返回信息: Session timed out
2023-09-25 14:12:21,332	[INFO]	(connection.py:59)multi_run	[botpy] 最大并发连接数: 1, 启动会话数: 1
2023-09-25 14:12:21,332	[INFO]	(client.py:236)bot_connect	[botpy] 会话启动中...
2023-09-25 14:12:21,333	[INFO]	(gateway.py:110)ws_connect	[botpy] 启动中...
2023-09-25 14:12:32,510	[INFO]	(gateway.py:169)ws_resume	[botpy] 重连启动...
2023-09-25 14:12:32,566	[INFO]	(gateway.py:85)on_message	[botpy] 机器人重连成功! 
2023-09-25 14:12:32,567	[INFO]	(gateway.py:217)_send_heart	[botpy] 心跳维持启动...
2023-09-25 14:42:32,502	[INFO]	(gateway.py:54)on_closed	[botpy] 关闭, 返回码: 4009, 返回信息: Session timed out
2023-09-25 14:42:37,524	[INFO]	(connection.py:59)multi_run	[botpy] 最大并发连接数: 1, 启动会话数: 1
2023-09-25 14:42:37,525	[INFO]	(client.py:236)bot_connect	[botpy] 会话启动中...
2023-09-25 14:42:37,525	[INFO]	(gateway.py:110)ws_connect	[botpy] 启动中...
2023-09-25 14:42:48,707	[INFO]	(gateway.py:169)ws_resume	[botpy] 重连启动...
2023-09-25 14:42:48,774	[INFO]	(gateway.py:85)on_message	[botpy] 机器人重连成功! 
2023-09-25 14:42:48,774	[INFO]	(gateway.py:217)_send_heart	[botpy] 心跳维持启动...
2023-09-25 15:12:48,765	[INFO]	(gateway.py:54)on_closed	[botpy] 关闭, 返回码: 4009, 返回信息: Session timed out
2023-09-25 15:12:53,770	[INFO]	(connection.py:59)multi_run	[botpy] 最大并发连接数: 1, 启动会话数: 1
2023-09-25 15:12:53,771	[INFO]	(client.py:236)bot_connect	[botpy] 会话启动中...
2023-09-25 15:12:53,771	[INFO]	(gateway.py:110)ws_connect	[botpy] 启动中...
2023-09-25 15:13:04,936	[INFO]	(gateway.py:169)ws_resume	[botpy] 重连启动...
2023-09-25 15:13:04,997	[INFO]	(gateway.py:85)on_message	[botpy] 机器人重连成功! 
2023-09-25 15:13:04,998	[INFO]	(gateway.py:217)_send_heart	[botpy] 心跳维持启动...
2023-09-25 15:30:01,902	[INFO]	(commands.py:158)loopTask	要上课了
2023-09-25 15:30:01,902	[INFO]	(commands.py:159)loopTask	{'courseName': '课程名称：高等数学A（一）', 'teacher': '上课教师：刘建华二[副教授]', 'pos': '上课地点：B座211'}
2023-09-25 15:30:13,322	[INFO]	(commands.py:104)sendMsgToChannel	发送至（632882620）：<@!18056950939094559679>还有30分钟就要上课了！课程名称：高等数学A（一）
上课教师：刘建华二[副教授]
上课地点：B座211
时间：16:00-17:40

2023-09-25 15:30:13,323	[INFO]	(commands.py:105)sendMsgToChannel	{"code":304023,"message":"push message is waiting for audit now","data":{"message_audit":{"audit_id":"e3d70824-87a7-4cf3-bdf7-53a3a2a10532"}}}
2023-09-25 15:43:04,929	[INFO]	(gateway.py:54)on_closed	[botpy] 关闭, 返回码: 4009, 返回信息: Session timed out
2023-09-25 15:43:09,938	[INFO]	(connection.py:59)multi_run	[botpy] 最大并发连接数: 1, 启动会话数: 1
2023-09-25 15:43:09,938	[INFO]	(client.py:236)bot_connect	[botpy] 会话启动中...
2023-09-25 15:43:09,939	[INFO]	(gateway.py:110)ws_connect	[botpy] 启动中...
2023-09-25 15:43:21,097	[INFO]	(gateway.py:169)ws_resume	[botpy] 重连启动...
2023-09-25 15:43:21,158	[INFO]	(gateway.py:85)on_message	[botpy] 机器人重连成功! 
2023-09-25 15:43:21,159	[INFO]	(gateway.py:217)_send_heart	[botpy] 心跳维持启动...
2023-09-25 16:13:21,089	[INFO]	(gateway.py:54)on_closed	[botpy] 关闭, 返回码: 4009, 返回信息: Session timed out
2023-09-25 16:13:26,086	[INFO]	(connection.py:59)multi_run	[botpy] 最大并发连接数: 1, 启动会话数: 1
2023-09-25 16:13:26,087	[INFO]	(client.py:236)bot_connect	[botpy] 会话启动中...
2023-09-25 16:13:26,087	[INFO]	(gateway.py:110)ws_connect	[botpy] 启动中...
2023-09-25 16:13:37,236	[INFO]	(gateway.py:169)ws_resume	[botpy] 重连启动...
2023-09-25 16:13:37,286	[INFO]	(gateway.py:85)on_message	[botpy] 机器人重连成功! 
2023-09-25 16:13:37,287	[INFO]	(gateway.py:217)_send_heart	[botpy] 心跳维持启动...
2023-09-25 16:43:37,229	[INFO]	(gateway.py:54)on_closed	[botpy] 关闭, 返回码: 4009, 返回信息: Session timed out
2023-09-25 16:43:42,241	[INFO]	(connection.py:59)multi_run	[botpy] 最大并发连接数: 1, 启动会话数: 1
2023-09-25 16:43:42,242	[INFO]	(client.py:236)bot_connect	[botpy] 会话启动中...
2023-09-25 16:43:42,242	[INFO]	(gateway.py:110)ws_connect	[botpy] 启动中...
2023-09-25 16:43:53,403	[INFO]	(gateway.py:169)ws_resume	[botpy] 重连启动...
2023-09-25 16:43:53,466	[INFO]	(gateway.py:85)on_message	[botpy] 机器人重连成功! 
2023-09-25 16:43:53,467	[INFO]	(gateway.py:217)_send_heart	[botpy] 心跳维持启动...
2023-09-25 17:13:53,394	[INFO]	(gateway.py:54)on_closed	[botpy] 关闭, 返回码: 4009, 返回信息: Session timed out
2023-09-25 17:13:58,408	[INFO]	(connection.py:59)multi_run	[botpy] 最大并发连接数: 1, 启动会话数: 1
2023-09-25 17:13:58,408	[INFO]	(client.py:236)bot_connect	[botpy] 会话启动中...
2023-09-25 17:13:58,409	[INFO]	(gateway.py:110)ws_connect	[botpy] 启动中...
2023-09-25 17:14:09,601	[INFO]	(gateway.py:169)ws_resume	[botpy] 重连启动...
2023-09-25 17:14:09,668	[INFO]	(gateway.py:85)on_message	[botpy] 机器人重连成功! 
2023-09-25 17:14:09,669	[INFO]	(gateway.py:217)_send_heart	[botpy] 心跳维持启动...
2023-09-25 17:39:30,376	[INFO]	(main.py:35)on_message_create	今日信息
2023-09-25 17:39:36,252	[WARNING]	(http.py:188)request	请求超时，请求连接: https://api.sgroup.qq.com/channels/632882620/messages
2023-09-25 17:40:25,442	[INFO]	(main.py:35)on_message_create	今日信息
2023-09-25 17:40:38,464	[INFO]	(main.py:35)on_message_create	<@!8443510756597297828> 我设置成了只有我会回复
2023-09-25 17:40:43,474	[INFO]	(main.py:35)on_message_create	None
2023-09-25 17:44:09,592	[INFO]	(gateway.py:54)on_closed	[botpy] 关闭, 返回码: 4009, 返回信息: Session timed out
2023-09-25 17:44:14,602	[INFO]	(connection.py:59)multi_run	[botpy] 最大并发连接数: 1, 启动会话数: 1
2023-09-25 17:44:14,602	[INFO]	(client.py:236)bot_connect	[botpy] 会话启动中...
2023-09-25 17:44:14,603	[INFO]	(gateway.py:110)ws_connect	[botpy] 启动中...
2023-09-25 17:44:25,734	[INFO]	(gateway.py:169)ws_resume	[botpy] 重连启动...
2023-09-25 17:44:25,786	[INFO]	(gateway.py:85)on_message	[botpy] 机器人重连成功! 
2023-09-25 17:44:25,786	[INFO]	(gateway.py:217)_send_heart	[botpy] 心跳维持启动...
2023-09-25 17:47:56,029	[INFO]	(main.py:35)on_message_create	None
2023-09-25 18:14:25,730	[INFO]	(gateway.py:54)on_closed	[botpy] 关闭, 返回码: 4009, 返回信息: Session timed out
2023-09-25 18:14:30,725	[INFO]	(connection.py:59)multi_run	[botpy] 最大并发连接数: 1, 启动会话数: 1
2023-09-25 18:14:30,726	[INFO]	(client.py:236)bot_connect	[botpy] 会话启动中...
2023-09-25 18:14:30,726	[INFO]	(gateway.py:110)ws_connect	[botpy] 启动中...
2023-09-25 18:14:41,887	[INFO]	(gateway.py:169)ws_resume	[botpy] 重连启动...
2023-09-25 18:14:41,940	[INFO]	(gateway.py:85)on_message	[botpy] 机器人重连成功! 
2023-09-25 18:14:41,941	[INFO]	(gateway.py:217)_send_heart	[botpy] 心跳维持启动...
2023-09-25 18:30:04,274	[INFO]	(commands.py:158)loopTask	要上课了
2023-09-25 18:30:04,275	[INFO]	(commands.py:159)loopTask	{'courseName': '课程名称：军事理论', 'teacher': '上课教师：柯闻秀[副教授]', 'pos': '上课地点：C座304'}
2023-09-25 18:30:15,617	[INFO]	(commands.py:104)sendMsgToChannel	发送至（632882620）：<@!18056950939094559679>还有30分钟就要上课了！课程名称：军事理论
上课教师：柯闻秀[副教授]
上课地点：C座304
时间：19:00-20:40

2023-09-25 18:30:15,618	[INFO]	(commands.py:105)sendMsgToChannel	{"code":304023,"message":"push message is waiting for audit now","data":{"message_audit":{"audit_id":"fa429120-ffb3-4c28-8fd9-8ac708c0c883"}}}
2023-09-25 18:44:41,878	[INFO]	(gateway.py:54)on_closed	[botpy] 关闭, 返回码: 4009, 返回信息: Session timed out
2023-09-25 18:44:46,887	[INFO]	(connection.py:59)multi_run	[botpy] 最大并发连接数: 1, 启动会话数: 1
2023-09-25 18:44:46,887	[INFO]	(client.py:236)bot_connect	[botpy] 会话启动中...
2023-09-25 18:44:46,888	[INFO]	(gateway.py:110)ws_connect	[botpy] 启动中...
2023-09-25 18:44:58,033	[INFO]	(gateway.py:169)ws_resume	[botpy] 重连启动...
2023-09-25 18:44:58,084	[INFO]	(gateway.py:85)on_message	[botpy] 机器人重连成功! 
2023-09-25 18:44:58,085	[INFO]	(gateway.py:217)_send_heart	[botpy] 心跳维持启动...
2023-09-25 19:14:58,025	[INFO]	(gateway.py:54)on_closed	[botpy] 关闭, 返回码: 4009, 返回信息: Session timed out
2023-09-25 19:15:03,025	[INFO]	(connection.py:59)multi_run	[botpy] 最大并发连接数: 1, 启动会话数: 1
2023-09-25 19:15:03,025	[INFO]	(client.py:236)bot_connect	[botpy] 会话启动中...
2023-09-25 19:15:03,026	[INFO]	(gateway.py:110)ws_connect	[botpy] 启动中...
2023-09-25 19:15:14,179	[INFO]	(gateway.py:169)ws_resume	[botpy] 重连启动...
2023-09-25 19:15:14,244	[INFO]	(gateway.py:85)on_message	[botpy] 机器人重连成功! 
2023-09-25 19:15:14,244	[INFO]	(gateway.py:217)_send_heart	[botpy] 心跳维持启动...
2023-09-25 19:45:14,170	[INFO]	(gateway.py:54)on_closed	[botpy] 关闭, 返回码: 4009, 返回信息: Session timed out
2023-09-25 19:45:19,171	[INFO]	(connection.py:59)multi_run	[botpy] 最大并发连接数: 1, 启动会话数: 1
2023-09-25 19:45:19,171	[INFO]	(client.py:236)bot_connect	[botpy] 会话启动中...
2023-09-25 19:45:19,172	[INFO]	(gateway.py:110)ws_connect	[botpy] 启动中...
2023-09-25 19:45:30,357	[INFO]	(gateway.py:169)ws_resume	[botpy] 重连启动...
2023-09-25 19:45:30,413	[INFO]	(gateway.py:85)on_message	[botpy] 机器人重连成功! 
2023-09-25 19:45:30,413	[INFO]	(gateway.py:217)_send_heart	[botpy] 心跳维持启动...
2023-09-25 20:15:30,344	[INFO]	(gateway.py:54)on_closed	[botpy] 关闭, 返回码: 4009, 返回信息: Session timed out
2023-09-25 20:15:35,346	[INFO]	(connection.py:59)multi_run	[botpy] 最大并发连接数: 1, 启动会话数: 1
2023-09-25 20:15:35,346	[INFO]	(client.py:236)bot_connect	[botpy] 会话启动中...
2023-09-25 20:15:35,346	[INFO]	(gateway.py:110)ws_connect	[botpy] 启动中...
2023-09-25 20:15:46,522	[INFO]	(gateway.py:169)ws_resume	[botpy] 重连启动...
2023-09-25 20:15:46,584	[INFO]	(gateway.py:85)on_message	[botpy] 机器人重连成功! 
2023-09-25 20:15:46,585	[INFO]	(gateway.py:217)_send_heart	[botpy] 心跳维持启动...
2023-09-25 20:45:46,513	[INFO]	(gateway.py:54)on_closed	[botpy] 关闭, 返回码: 4009, 返回信息: Session timed out
2023-09-25 20:45:51,520	[INFO]	(connection.py:59)multi_run	[botpy] 最大并发连接数: 1, 启动会话数: 1
2023-09-25 20:45:51,521	[INFO]	(client.py:236)bot_connect	[botpy] 会话启动中...
2023-09-25 20:45:51,522	[INFO]	(gateway.py:110)ws_connect	[botpy] 启动中...
2023-09-25 20:45:51,629	[INFO]	(gateway.py:169)ws_resume	[botpy] 重连启动...
2023-09-25 20:45:51,682	[INFO]	(gateway.py:85)on_message	[botpy] 机器人重连成功! 
2023-09-25 20:45:51,683	[INFO]	(gateway.py:217)_send_heart	[botpy] 心跳维持启动...
2023-09-26 09:57:56,131	[ERROR]	(main.py:117)<module>	初始化课表失败，请检查cookie是否有效
2023-09-26 09:59:49,177	[INFO]	(client.py:159)_bot_login	[botpy] 登录机器人账号中...
2023-09-26 09:59:49,503	[INFO]	(client.py:178)_bot_init	[botpy] 程序启动...
2023-09-26 09:59:49,504	[INFO]	(connection.py:59)multi_run	[botpy] 最大并发连接数: 1, 启动会话数: 1
2023-09-26 09:59:49,504	[INFO]	(client.py:236)bot_connect	[botpy] 会话启动中...
2023-09-26 09:59:49,504	[INFO]	(gateway.py:110)ws_connect	[botpy] 启动中...
2023-09-26 09:59:49,596	[INFO]	(gateway.py:136)ws_identify	[botpy] 鉴权中...
2023-09-26 09:59:49,685	[INFO]	(gateway.py:80)on_message	[botpy] 机器人「点歌机器人-测试中」启动成功！
2023-09-26 09:59:49,685	[INFO]	(gateway.py:217)_send_heart	[botpy] 心跳维持启动...
2023-09-26 10:02:29,501	[INFO]	(client.py:159)_bot_login	[botpy] 登录机器人账号中...
2023-09-26 10:02:29,823	[INFO]	(client.py:178)_bot_init	[botpy] 程序启动...
2023-09-26 10:02:29,823	[INFO]	(connection.py:59)multi_run	[botpy] 最大并发连接数: 1, 启动会话数: 1
2023-09-26 10:02:29,824	[INFO]	(client.py:236)bot_connect	[botpy] 会话启动中...
2023-09-26 10:02:29,824	[INFO]	(gateway.py:110)ws_connect	[botpy] 启动中...
2023-09-26 10:02:29,925	[INFO]	(gateway.py:136)ws_identify	[botpy] 鉴权中...
2023-09-26 10:02:29,998	[INFO]	(gateway.py:80)on_message	[botpy] 机器人「点歌机器人-测试中」启动成功！
2023-09-26 10:02:29,998	[INFO]	(gateway.py:217)_send_heart	[botpy] 心跳维持启动...
2023-09-26 10:42:27,844	[ERROR]	(main.py:117)<module>	初始化课表失败，请检查cookie是否有效
2023-09-26 10:42:32,325	[ERROR]	(main.py:117)<module>	初始化课表失败，请检查cookie是否有效
2023-09-26 10:43:10,042	[INFO]	(client.py:159)_bot_login	[botpy] 登录机器人账号中...
2023-09-26 10:43:15,901	[WARNING]	(http.py:188)request	请求超时，请求连接: https://api.sgroup.qq.com/users/@me
2023-09-26 10:43:24,396	[INFO]	(client.py:159)_bot_login	[botpy] 登录机器人账号中...
2023-09-26 10:43:24,718	[INFO]	(client.py:178)_bot_init	[botpy] 程序启动...
2023-09-26 10:43:24,719	[INFO]	(connection.py:59)multi_run	[botpy] 最大并发连接数: 1, 启动会话数: 1
2023-09-26 10:43:24,719	[INFO]	(client.py:236)bot_connect	[botpy] 会话启动中...
2023-09-26 10:43:24,719	[INFO]	(gateway.py:110)ws_connect	[botpy] 启动中...
2023-09-26 10:43:24,785	[INFO]	(gateway.py:136)ws_identify	[botpy] 鉴权中...
2023-09-26 10:43:24,854	[INFO]	(gateway.py:80)on_message	[botpy] 机器人「点歌机器人-测试中」启动成功！
2023-09-26 10:43:24,854	[INFO]	(gateway.py:217)_send_heart	[botpy] 心跳维持启动...
2023-09-26 11:13:24,775	[INFO]	(gateway.py:54)on_closed	[botpy] 关闭, 返回码: 4009, 返回信息: Session timed out
2023-09-26 11:13:29,799	[INFO]	(connection.py:59)multi_run	[botpy] 最大并发连接数: 1, 启动会话数: 1
2023-09-26 11:13:29,799	[INFO]	(client.py:236)bot_connect	[botpy] 会话启动中...
2023-09-26 11:13:29,800	[INFO]	(gateway.py:110)ws_connect	[botpy] 启动中...
2023-09-26 11:13:40,954	[INFO]	(gateway.py:169)ws_resume	[botpy] 重连启动...
2023-09-26 11:13:41,006	[INFO]	(gateway.py:85)on_message	[botpy] 机器人重连成功! 
2023-09-26 11:13:41,007	[INFO]	(gateway.py:217)_send_heart	[botpy] 心跳维持启动...
2023-09-26 11:43:40,944	[INFO]	(gateway.py:54)on_closed	[botpy] 关闭, 返回码: 4009, 返回信息: Session timed out
2023-09-26 11:43:45,945	[INFO]	(connection.py:59)multi_run	[botpy] 最大并发连接数: 1, 启动会话数: 1
2023-09-26 11:43:45,945	[INFO]	(client.py:236)bot_connect	[botpy] 会话启动中...
2023-09-26 11:43:45,946	[INFO]	(gateway.py:110)ws_connect	[botpy] 启动中...
2023-09-26 11:43:57,104	[INFO]	(gateway.py:169)ws_resume	[botpy] 重连启动...
2023-09-26 11:43:57,159	[INFO]	(gateway.py:85)on_message	[botpy] 机器人重连成功! 
2023-09-26 11:43:57,160	[INFO]	(gateway.py:217)_send_heart	[botpy] 心跳维持启动...
2023-09-26 12:13:57,095	[INFO]	(gateway.py:54)on_closed	[botpy] 关闭, 返回码: 4009, 返回信息: Session timed out
2023-09-26 12:14:02,114	[INFO]	(connection.py:59)multi_run	[botpy] 最大并发连接数: 1, 启动会话数: 1
2023-09-26 12:14:02,114	[INFO]	(client.py:236)bot_connect	[botpy] 会话启动中...
2023-09-26 12:14:02,115	[INFO]	(gateway.py:110)ws_connect	[botpy] 启动中...
2023-09-26 12:14:13,287	[INFO]	(gateway.py:169)ws_resume	[botpy] 重连启动...
2023-09-26 12:14:13,350	[INFO]	(gateway.py:85)on_message	[botpy] 机器人重连成功! 
2023-09-26 12:14:13,350	[INFO]	(gateway.py:217)_send_heart	[botpy] 心跳维持启动...
2023-09-26 12:44:13,279	[INFO]	(gateway.py:54)on_closed	[botpy] 关闭, 返回码: 4009, 返回信息: Session timed out
2023-09-26 12:44:18,284	[INFO]	(connection.py:59)multi_run	[botpy] 最大并发连接数: 1, 启动会话数: 1
2023-09-26 12:44:18,284	[INFO]	(client.py:236)bot_connect	[botpy] 会话启动中...
2023-09-26 12:44:18,284	[INFO]	(gateway.py:110)ws_connect	[botpy] 启动中...
2023-09-26 12:44:18,459	[INFO]	(gateway.py:169)ws_resume	[botpy] 重连启动...
2023-09-26 12:44:18,510	[INFO]	(gateway.py:85)on_message	[botpy] 机器人重连成功! 
2023-09-26 12:44:18,511	[INFO]	(gateway.py:217)_send_heart	[botpy] 心跳维持启动...
2023-09-26 13:14:18,451	[INFO]	(gateway.py:54)on_closed	[botpy] 关闭, 返回码: 4009, 返回信息: Session timed out
2023-09-26 13:14:23,456	[INFO]	(connection.py:59)multi_run	[botpy] 最大并发连接数: 1, 启动会话数: 1
2023-09-26 13:14:23,457	[INFO]	(client.py:236)bot_connect	[botpy] 会话启动中...
2023-09-26 13:14:23,458	[INFO]	(gateway.py:110)ws_connect	[botpy] 启动中...
2023-09-26 13:14:34,636	[INFO]	(gateway.py:169)ws_resume	[botpy] 重连启动...
2023-09-26 13:14:34,692	[INFO]	(gateway.py:85)on_message	[botpy] 机器人重连成功! 
2023-09-26 13:14:34,692	[INFO]	(gateway.py:217)_send_heart	[botpy] 心跳维持启动...
2023-09-26 13:44:34,629	[INFO]	(gateway.py:54)on_closed	[botpy] 关闭, 返回码: 4009, 返回信息: Session timed out
2023-09-26 13:44:39,633	[INFO]	(connection.py:59)multi_run	[botpy] 最大并发连接数: 1, 启动会话数: 1
2023-09-26 13:44:39,633	[INFO]	(client.py:236)bot_connect	[botpy] 会话启动中...
2023-09-26 13:44:39,634	[INFO]	(gateway.py:110)ws_connect	[botpy] 启动中...
2023-09-26 13:44:50,804	[INFO]	(gateway.py:169)ws_resume	[botpy] 重连启动...
2023-09-26 13:44:50,864	[INFO]	(gateway.py:85)on_message	[botpy] 机器人重连成功! 
2023-09-26 13:44:50,864	[INFO]	(gateway.py:217)_send_heart	[botpy] 心跳维持启动...
2023-09-26 14:14:50,797	[INFO]	(gateway.py:54)on_closed	[botpy] 关闭, 返回码: 4009, 返回信息: Session timed out
2023-09-26 14:14:55,818	[INFO]	(connection.py:59)multi_run	[botpy] 最大并发连接数: 1, 启动会话数: 1
2023-09-26 14:14:55,819	[INFO]	(client.py:236)bot_connect	[botpy] 会话启动中...
2023-09-26 14:14:55,819	[INFO]	(gateway.py:110)ws_connect	[botpy] 启动中...
2023-09-26 14:15:07,015	[INFO]	(gateway.py:169)ws_resume	[botpy] 重连启动...
2023-09-26 14:15:07,073	[INFO]	(gateway.py:85)on_message	[botpy] 机器人重连成功! 
2023-09-26 14:15:07,074	[INFO]	(gateway.py:217)_send_heart	[botpy] 心跳维持启动...
